<?xml version="1.0" encoding="UTF-8"?>
<!-- Generated by org.testng.reporters.JUnitReportReporter -->
<testsuite hostname="LAPTOP-VBOQ4SE2" failures="0" tests="1" name="com.api.test.SupLoginAPITest" time="3.155" errors="0" timestamp="2023-04-27T16:16:33 CEST" skipped="0">
  <testcase classname="com.api.test.SupLoginAPITest" name="test_supLogin_api" time="3.155"/>
  <system-out/>
</testsuite> <!-- com.api.test.SupLoginAPITest -->
