<?xml version="1.0" encoding="UTF-8"?>
<!-- Generated by org.testng.reporters.JUnitReportReporter -->
<testsuite hostname="LAPTOP-VBOQ4SE2" failures="0" tests="1" name="com.api.test.JobAssignmentAPITest" time="4.108" errors="0" timestamp="2023-04-27T15:50:12 CEST" skipped="0">
  <testcase classname="com.api.test.JobAssignmentAPITest" name="test_jobAssignment_api" time="4.108"/>
  <system-out/>
</testsuite> <!-- com.api.test.JobAssignmentAPITest -->
