<?xml version="1.0" encoding="UTF-8"?>
<!-- Generated by org.testng.reporters.JUnitReportReporter -->
<testsuite hostname="LAPTOP-VBOQ4SE2" failures="0" tests="3" name="com.api.test.LoginTestExcel" time="3.565" errors="0" timestamp="2023-05-01T14:39:29 CEST" skipped="0">
  <testcase classname="com.api.test.LoginTestExcel" name="test_login_api_with" time="0.939"/>
  <system-out/>
  <testcase classname="com.api.test.LoginTestExcel" name="test_login_api_with" time="1.989"/>
  <system-out/>
  <testcase classname="com.api.test.LoginTestExcel" name="test_login_api_with" time="0.637"/>
  <system-out/>
</testsuite> <!-- com.api.test.LoginTestExcel -->
