<?xml version="1.0" encoding="UTF-8"?>
<!-- Generated by org.testng.reporters.JUnitReportReporter -->
<testsuite hostname="LAPTOP-VBOQ4SE2" failures="0" tests="1" name="com.api.test.CreateJobAPITest" time="5.705" errors="0" timestamp="2023-05-09T17:36:44 CEST" skipped="0">
  <testcase classname="com.api.test.CreateJobAPITest" name="test_create_api" time="5.705"/>
  <system-out/>
</testsuite> <!-- com.api.test.CreateJobAPITest -->
