<?xml version="1.0" encoding="UTF-8"?>
<!-- Generated by org.testng.reporters.JUnitReportReporter -->
<testsuite hostname="LAPTOP-VBOQ4SE2" failures="0" tests="1" name="com.api.test.SchemaValidator" time="4.032" errors="0" timestamp="2023-05-11T15:41:05 CEST" skipped="0">
  <testcase classname="com.api.test.SchemaValidator" name="test_login_api" time="4.032"/>
  <system-out/>
</testsuite> <!-- com.api.test.SchemaValidator -->
