<?xml version="1.0" encoding="UTF-8"?>
<!-- Generated by org.testng.reporters.JUnitReportReporter -->
<testsuite hostname="LAPTOP-VBOQ4SE2" failures="0" tests="4" name="com.api.test.LoginTest2DataDriven" time="9.116" errors="0" timestamp="2023-05-12T14:07:13 CEST" skipped="0">
  <testcase classname="com.api.test.LoginTest2DataDriven" name="test_login_api_with" time="4.284"/>
  <system-out/>
  <testcase classname="com.api.test.LoginTest2DataDriven" name="test_login_api_with" time="1.838"/>
  <system-out/>
  <testcase classname="com.api.test.LoginTest2DataDriven" name="test_login_api_with" time="2.127"/>
  <system-out/>
  <testcase classname="com.api.test.LoginTest2DataDriven" name="test_login_api_with" time="0.867"/>
  <system-out/>
</testsuite> <!-- com.api.test.LoginTest2DataDriven -->
