<?xml version="1.0" encoding="UTF-8"?>
<!-- Generated by org.testng.reporters.JUnitReportReporter -->
<testsuite hostname="LAPTOP-VBOQ4SE2" failures="0" tests="1" name="com.api.test.LoginTest" time="3.921" errors="0" timestamp="2023-05-11T12:40:47 CEST" skipped="0">
  <testcase classname="com.api.test.LoginTest" name="test_login_api" time="3.921"/>
  <system-out/>
</testsuite> <!-- com.api.test.LoginTest -->
